{
  "stats": {
    "suites": 1,
    "tests": 1,
    "passes": 0,
    "pending": 0,
    "failures": 1,
    "start": "2023-04-26T12:57:27.000Z",
    "end": "2023-04-26T12:57:45.114Z",
    "duration": 18114,
    "testsRegistered": 1,
    "passPercent": 0,
    "pendingPercent": 0,
    "other": 0,
    "hasOther": false,
    "skipped": 0,
    "hasSkipped": false
  },
  "results": [
    {
      "uuid": "5058f9d2-a63b-40c4-8f0e-0d719a273ba8",
      "title": "",
      "fullFile": "cypress/e2e/example.cy.ts",
      "file": "cypress/e2e/example.cy.ts",
      "beforeHooks": [],
      "afterHooks": [],
      "tests": [],
      "suites": [
        {
          "uuid": "479f6d16-f38a-4582-b6b5-aa47a43e24a9",
          "title": "My First Test",
          "fullFile": "",
          "file": "",
          "beforeHooks": [],
          "afterHooks": [],
          "tests": [
            {
              "title": "visits the app root url",
              "fullTitle": "My First Test visits the app root url",
              "timedOut": null,
              "duration": 4452,
              "state": "failed",
              "speed": null,
              "pass": false,
              "fail": true,
              "pending": false,
              "context": null,
              "code": "cy.visit('/');\ncy.contains('h1', 'You did it!');",
              "err": {
                "message": "AssertionError: Timed out retrying after 4000ms: Expected to find content: 'You did it!' within the selector: 'h1' but never did.",
                "estack": "AssertionError: Timed out retrying after 4000ms: Expected to find content: 'You did it!' within the selector: 'h1' but never did.\n    at Context.eval (webpack:///./cypress/e2e/example.cy.ts:6:7)",
                "diff": null
              },
              "uuid": "0eda2bb5-798b-432d-adf7-77bcb6db7517",
              "parentUUID": "479f6d16-f38a-4582-b6b5-aa47a43e24a9",
              "isHook": false,
              "skipped": false
            }
          ],
          "suites": [],
          "passes": [],
          "failures": [
            "0eda2bb5-798b-432d-adf7-77bcb6db7517"
          ],
          "pending": [],
          "skipped": [],
          "duration": 4452,
          "root": false,
          "rootEmpty": false,
          "_timeout": 2000
        }
      ],
      "passes": [],
      "failures": [],
      "pending": [],
      "skipped": [],
      "duration": 0,
      "root": true,
      "rootEmpty": true,
      "_timeout": 2000
    }
  ],
  "meta": {
    "mocha": {
      "version": "7.0.1"
    },
    "mochawesome": {
      "options": {
        "quiet": false,
        "reportFilename": "mochawesome",
        "saveHtml": false,
        "saveJson": true,
        "consoleReporter": "spec",
        "useInlineDiffs": false,
        "code": true
      },
      "version": "7.1.3"
    },
    "marge": {
      "options": {
        "reportDir": "results/mochawesome",
        "overwrite": false,
        "html": false,
        "json": true
      },
      "version": "6.2.0"
    }
  }
}