{
  "stats": {
    "suites": 1,
    "tests": 1,
    "passes": 0,
    "pending": 0,
    "failures": 1,
    "start": "2023-04-26T12:08:41.397Z",
    "end": "2023-04-26T12:08:59.563Z",
    "duration": 18166,
    "testsRegistered": 1,
    "passPercent": 0,
    "pendingPercent": 0,
    "other": 0,
    "hasOther": false,
    "skipped": 0,
    "hasSkipped": false
  },
  "results": [
    {
      "uuid": "b79a1128-184e-4f52-8cbe-c35a4aae9d3b",
      "title": "",
      "fullFile": "cypress/e2e/example.cy.ts",
      "file": "cypress/e2e/example.cy.ts",
      "beforeHooks": [],
      "afterHooks": [],
      "tests": [],
      "suites": [
        {
          "uuid": "4546b4b4-8778-4fa5-b426-3a1ad25f574d",
          "title": "My First Test",
          "fullFile": "",
          "file": "",
          "beforeHooks": [],
          "afterHooks": [],
          "tests": [
            {
              "title": "visits the app root url",
              "fullTitle": "My First Test visits the app root url",
              "timedOut": null,
              "duration": 4415,
              "state": "failed",
              "speed": null,
              "pass": false,
              "fail": true,
              "pending": false,
              "context": null,
              "code": "cy.visit('/');\ncy.contains('h1', 'You did it!');",
              "err": {
                "message": "AssertionError: Timed out retrying after 4000ms: Expected to find content: 'You did it!' within the selector: 'h1' but never did.",
                "estack": "AssertionError: Timed out retrying after 4000ms: Expected to find content: 'You did it!' within the selector: 'h1' but never did.\n    at Context.eval (webpack:///./cypress/e2e/example.cy.ts:6:7)",
                "diff": null
              },
              "uuid": "4ff32611-22d2-4479-b54e-9b3596c77ef8",
              "parentUUID": "4546b4b4-8778-4fa5-b426-3a1ad25f574d",
              "isHook": false,
              "skipped": false
            }
          ],
          "suites": [],
          "passes": [],
          "failures": [
            "4ff32611-22d2-4479-b54e-9b3596c77ef8"
          ],
          "pending": [],
          "skipped": [],
          "duration": 4415,
          "root": false,
          "rootEmpty": false,
          "_timeout": 2000
        }
      ],
      "passes": [],
      "failures": [],
      "pending": [],
      "skipped": [],
      "duration": 0,
      "root": true,
      "rootEmpty": true,
      "_timeout": 2000
    }
  ],
  "meta": {
    "mocha": {
      "version": "7.0.1"
    },
    "mochawesome": {
      "options": {
        "quiet": false,
        "reportFilename": "mochawesome",
        "saveHtml": false,
        "saveJson": true,
        "consoleReporter": "spec",
        "useInlineDiffs": false,
        "code": true
      },
      "version": "7.1.3"
    },
    "marge": {
      "options": {
        "reportDir": "results/mochawesome",
        "overwrite": false,
        "html": false,
        "json": true
      },
      "version": "6.2.0"
    }
  }
}