{
  "numTotalTestSuites": 12,
  "numPassedTestSuites": 12,
  "numFailedTestSuites": 0,
  "numPendingTestSuites": 0,
  "numTotalTests": 9,
  "numPassedTests": 9,
  "numFailedTests": 0,
  "numPendingTests": 0,
  "numTodoTests": 0,
  "startTime": 1682521558054,
  "success": true,
  "testResults": [
    {
      "assertionResults": [
        {
          "ancestorTitles": [
            "",
            "FromNow"
          ],
          "fullName": " FromNow should transform a date",
          "status": "passed",
          "title": "should transform a date",
          "duration": 7,
          "failureMessages": []
        }
      ],
      "startTime": 1682521561971,
      "endTime": 1682521561978,
      "status": "passed",
      "message": "",
      "name": "/home/nicolasm/Bureau/ponyracer/src/utils/__tests__/FromNow.spec.ts"
    },
    {
      "assertionResults": [
        {
          "ancestorTitles": [
            "",
            "Navbar.vue"
          ],
          "fullName": " Navbar.vue should toggle the class on click",
          "status": "passed",
          "title": "should toggle the class on click",
          "duration": 50,
          "failureMessages": []
        }
      ],
      "startTime": 1682521561980,
      "endTime": 1682521562030,
      "status": "passed",
      "message": "",
      "name": "/home/nicolasm/Bureau/ponyracer/src/components/__tests__/Navbar.spec.ts"
    },
    {
      "assertionResults": [
        {
          "ancestorTitles": [
            "",
            "Pony.vue"
          ],
          "fullName": " Pony.vue should display an image and a legend",
          "status": "passed",
          "title": "should display an image and a legend",
          "duration": 15,
          "failureMessages": []
        },
        {
          "ancestorTitles": [
            "",
            "Pony.vue"
          ],
          "fullName": " Pony.vue should emit an event on click",
          "status": "passed",
          "title": "should emit an event on click",
          "duration": 70,
          "failureMessages": []
        }
      ],
      "startTime": 1682521562361,
      "endTime": 1682521562446,
      "status": "passed",
      "message": "",
      "name": "/home/nicolasm/Bureau/ponyracer/src/components/__tests__/Pony.spec.ts"
    },
    {
      "assertionResults": [
        {
          "ancestorTitles": [
            "",
            "Races.vue"
          ],
          "fullName": " Races.vue should display every race name in a title",
          "status": "passed",
          "title": "should display every race name in a title",
          "duration": 93,
          "failureMessages": []
        }
      ],
      "startTime": 1682521562728,
      "endTime": 1682521562821,
      "status": "passed",
      "message": "",
      "name": "/home/nicolasm/Bureau/ponyracer/src/views/__tests__/Races.spec.ts"
    },
    {
      "assertionResults": [
        {
          "ancestorTitles": [
            "",
            "App.vue"
          ],
          "fullName": " App.vue renders a title",
          "status": "passed",
          "title": "renders a title",
          "duration": 44,
          "failureMessages": []
        },
        {
          "ancestorTitles": [
            "",
            "App.vue"
          ],
          "fullName": " App.vue renders the navbar",
          "status": "passed",
          "title": "renders the navbar",
          "duration": 59,
          "failureMessages": []
        },
        {
          "ancestorTitles": [
            "",
            "App.vue"
          ],
          "fullName": " App.vue renders the races list",
          "status": "passed",
          "title": "renders the races list",
          "duration": 102,
          "failureMessages": []
        }
      ],
      "startTime": 1682521562731,
      "endTime": 1682521562936,
      "status": "passed",
      "message": "",
      "name": "/home/nicolasm/Bureau/ponyracer/src/__tests__/App.spec.ts"
    },
    {
      "assertionResults": [
        {
          "ancestorTitles": [
            "",
            "Race.vue"
          ],
          "fullName": " Race.vue should display a race name and its ponies",
          "status": "passed",
          "title": "should display a race name and its ponies",
          "duration": 99,
          "failureMessages": []
        }
      ],
      "startTime": 1682521562732,
      "endTime": 1682521562831,
      "status": "passed",
      "message": "",
      "name": "/home/nicolasm/Bureau/ponyracer/src/components/__tests__/Race.spec.ts"
    }
  ]
}