{
  "numTotalTestSuites": 16,
  "numPassedTestSuites": 16,
  "numFailedTestSuites": 0,
  "numPendingTestSuites": 0,
  "numTotalTests": 14,
  "numPassedTests": 14,
  "numFailedTests": 0,
  "numPendingTests": 0,
  "numTodoTests": 0,
  "startTime": 1682596252139,
  "success": true,
  "testResults": [
    {
      "assertionResults": [
        {
          "ancestorTitles": [
            "",
            "FromNow"
          ],
          "fullName": " FromNow should transform a date",
          "status": "passed",
          "title": "should transform a date",
          "duration": 28,
          "failureMessages": []
        }
      ],
      "startTime": 1682596255932,
      "endTime": 1682596255960,
      "status": "passed",
      "message": "",
      "name": "/home/nicolasm/Bureau/ponyracer/src/utils/__tests__/FromNow.spec.ts"
    },
    {
      "assertionResults": [
        {
          "ancestorTitles": [
            "",
            "Navbar.vue"
          ],
          "fullName": " Navbar.vue should toggle the class on click",
          "status": "passed",
          "title": "should toggle the class on click",
          "duration": 114,
          "failureMessages": []
        }
      ],
      "startTime": 1682596255990,
      "endTime": 1682596256104,
      "status": "passed",
      "message": "",
      "name": "/home/nicolasm/Bureau/ponyracer/src/components/__tests__/Navbar.spec.ts"
    },
    {
      "assertionResults": [
        {
          "ancestorTitles": [
            "",
            "Alert.vue"
          ],
          "fullName": " Alert.vue should display the alert content",
          "status": "passed",
          "title": "should display the alert content",
          "duration": 13,
          "failureMessages": []
        },
        {
          "ancestorTitles": [
            "",
            "Alert.vue"
          ],
          "fullName": " Alert.vue should have the correct CSS classes",
          "status": "passed",
          "title": "should have the correct CSS classes",
          "duration": 30,
          "failureMessages": []
        },
        {
          "ancestorTitles": [
            "",
            "Alert.vue"
          ],
          "fullName": " Alert.vue should be dismissible",
          "status": "passed",
          "title": "should be dismissible",
          "duration": 160,
          "failureMessages": []
        }
      ],
      "startTime": 1682596256030,
      "endTime": 1682596256234,
      "status": "passed",
      "message": "",
      "name": "/home/nicolasm/Bureau/ponyracer/src/components/__tests__/Alert.spec.ts"
    },
    {
      "assertionResults": [
        {
          "ancestorTitles": [
            "",
            "Pony.vue"
          ],
          "fullName": " Pony.vue should display an image and a legend",
          "status": "passed",
          "title": "should display an image and a legend",
          "duration": 10,
          "failureMessages": []
        },
        {
          "ancestorTitles": [
            "",
            "Pony.vue"
          ],
          "fullName": " Pony.vue should emit an event on click",
          "status": "passed",
          "title": "should emit an event on click",
          "duration": 64,
          "failureMessages": []
        }
      ],
      "startTime": 1682596256099,
      "endTime": 1682596256173,
      "status": "passed",
      "message": "",
      "name": "/home/nicolasm/Bureau/ponyracer/src/components/__tests__/Pony.spec.ts"
    },
    {
      "assertionResults": [
        {
          "ancestorTitles": [
            "",
            "useRaceService"
          ],
          "fullName": " useRaceService should list races",
          "status": "passed",
          "title": "should list races",
          "duration": 24,
          "failureMessages": []
        }
      ],
      "startTime": 1682596258705,
      "endTime": 1682596258729,
      "status": "passed",
      "message": "",
      "name": "/home/nicolasm/Bureau/ponyracer/src/composables/__tests__/RaceService.spec.ts"
    },
    {
      "assertionResults": [
        {
          "ancestorTitles": [
            "",
            "Race.vue"
          ],
          "fullName": " Race.vue should display a race name and its ponies",
          "status": "passed",
          "title": "should display a race name and its ponies",
          "duration": 73,
          "failureMessages": []
        }
      ],
      "startTime": 1682596363428,
      "endTime": 1682596363501,
      "status": "passed",
      "message": "",
      "name": "/home/nicolasm/Bureau/ponyracer/src/components/__tests__/Race.spec.ts"
    },
    {
      "assertionResults": [
        {
          "ancestorTitles": [
            "",
            "Races.vue"
          ],
          "fullName": " Races.vue should display every race name in a title",
          "status": "passed",
          "title": "should display every race name in a title",
          "duration": 56,
          "failureMessages": []
        }
      ],
      "startTime": 1682596363664,
      "endTime": 1682596363720,
      "status": "passed",
      "message": "",
      "name": "/home/nicolasm/Bureau/ponyracer/src/views/__tests__/Races.spec.ts"
    },
    {
      "assertionResults": [
        {
          "ancestorTitles": [
            "",
            "App.vue"
          ],
          "fullName": " App.vue renders a title",
          "status": "passed",
          "title": "renders a title",
          "duration": 48,
          "failureMessages": []
        },
        {
          "ancestorTitles": [
            "",
            "App.vue"
          ],
          "fullName": " App.vue renders the navbar",
          "status": "passed",
          "title": "renders the navbar",
          "duration": 18,
          "failureMessages": []
        },
        {
          "ancestorTitles": [
            "",
            "App.vue"
          ],
          "fullName": " App.vue renders the races list inside a Suspense component",
          "status": "passed",
          "title": "renders the races list inside a Suspense component",
          "duration": 73,
          "failureMessages": []
        },
        {
          "ancestorTitles": [
            "",
            "App.vue"
          ],
          "fullName": " App.vue renders an error if races list does not load",
          "status": "passed",
          "title": "renders an error if races list does not load",
          "duration": 32,
          "failureMessages": []
        }
      ],
      "startTime": 1682596363711,
      "endTime": 1682596363882,
      "status": "passed",
      "message": "",
      "name": "/home/nicolasm/Bureau/ponyracer/src/__tests__/App.spec.ts"
    }
  ]
}